<?xml version="1.0" encoding="UTF-8"?>
<!-- Generated by org.testng.reporters.JUnitReportReporter -->
<testsuite hostname="P3CLAP-G578GC2" name="test.Project" tests="1" failures="0" timestamp="16 Sep 2019 13:34:25 GMT" time="29.536" errors="0">
  <testcase name="validation" time="29.536" classname="test.Project"/>
</testsuite> <!-- test.Project -->
